2020-06-28 20:26:01.3782|INFO|CityInfo.API.Program|Initializing the Application...
2020-06-28 20:26:02.2257|INFO|Microsoft.AspNetCore.DataProtection.KeyManagement.XmlKeyManager|User profile is available. Using 'C:\Users\saleeyas\AppData\Local\ASP.NET\DataProtection-Keys' as key repository and Windows DPAPI to encrypt keys at rest.
2020-06-28 20:26:02.7689|INFO|Microsoft.AspNetCore.Hosting.Internal.WebHost|Request starting HTTP/1.1 GET http://localhost:1028/  
2020-06-28 20:26:02.7689|INFO|Microsoft.AspNetCore.Hosting.Internal.WebHost|Request starting HTTP/1.1 DEBUG http://localhost:1028/  0
2020-06-28 20:26:02.8061|INFO|Microsoft.AspNetCore.Hosting.Internal.WebHost|Request finished in 36.7844ms 200 
2020-06-28 20:26:02.9398|INFO|Microsoft.AspNetCore.Hosting.Internal.WebHost|Request finished in 162.8207ms 404 text/plain
2020-06-28 21:02:10.2627|INFO|CityInfo.API.Program|Initializing the Application...
2020-06-28 21:02:11.4324|INFO|Microsoft.AspNetCore.DataProtection.KeyManagement.XmlKeyManager|User profile is available. Using 'C:\Users\saleeyas\AppData\Local\ASP.NET\DataProtection-Keys' as key repository and Windows DPAPI to encrypt keys at rest.
2020-06-28 21:02:11.9132|INFO|Microsoft.AspNetCore.Hosting.Internal.WebHost|Request starting HTTP/1.1 DEBUG http://localhost:1028/  0
2020-06-28 21:02:11.9132|INFO|Microsoft.AspNetCore.Hosting.Internal.WebHost|Request starting HTTP/1.1 GET http://localhost:1028/  
2020-06-28 21:02:11.9543|INFO|Microsoft.AspNetCore.Hosting.Internal.WebHost|Request finished in 40.5284ms 200 
2020-06-28 21:02:12.0740|INFO|Microsoft.AspNetCore.Hosting.Internal.WebHost|Request finished in 162.5387ms 404 text/plain
2020-06-28 21:02:18.9030|INFO|Microsoft.AspNetCore.Hosting.Internal.WebHost|Request starting HTTP/1.1 DELETE http://localhost:1028/api/cities/1/pointsofinterest/1  
2020-06-28 21:02:18.9453|INFO|Microsoft.AspNetCore.Mvc.Internal.ControllerActionInvoker|Route matched with {action = "DeletePointOfInterest", controller = "PointsOfInterest"}. Executing controller action with signature Microsoft.AspNetCore.Mvc.IActionResult DeletePointOfInterest(Int32, Int32) on controller CityInfo.API.Controllers.PointsOfInterestController (CityInfo.API).
2020-06-28 21:02:18.9728|INFO|Microsoft.AspNetCore.Mvc.Internal.ControllerActionInvoker|Executing action method CityInfo.API.Controllers.PointsOfInterestController.DeletePointOfInterest (CityInfo.API) - Validation state: Valid
2020-06-28 21:02:18.9878|INFO|Microsoft.AspNetCore.Mvc.Internal.ControllerActionInvoker|Executed action method CityInfo.API.Controllers.PointsOfInterestController.DeletePointOfInterest (CityInfo.API), returned result Microsoft.AspNetCore.Mvc.NotFoundResult in 8.1911ms.
2020-06-28 21:02:18.9999|INFO|Microsoft.AspNetCore.Mvc.StatusCodeResult|Executing HttpStatusCodeResult, setting HTTP status code 404
2020-06-28 21:02:18.9999|INFO|Microsoft.AspNetCore.Mvc.Internal.ControllerActionInvoker|Executed action CityInfo.API.Controllers.PointsOfInterestController.DeletePointOfInterest (CityInfo.API) in 54.098ms
2020-06-28 21:02:19.0197|INFO|Microsoft.AspNetCore.Hosting.Internal.WebHost|Request finished in 109.2503ms 404 text/plain
2020-06-28 21:02:36.3907|INFO|Microsoft.AspNetCore.Hosting.Internal.WebHost|Request starting HTTP/1.1 GET http://localhost:1028/api/cities/1/pointsofinterest/1  
2020-06-28 21:02:36.3907|INFO|Microsoft.AspNetCore.Mvc.Internal.ControllerActionInvoker|Route matched with {action = "GetPointsOfInterest", controller = "PointsOfInterest"}. Executing controller action with signature Microsoft.AspNetCore.Mvc.IActionResult GetPointsOfInterest(Int32, Int32) on controller CityInfo.API.Controllers.PointsOfInterestController (CityInfo.API).
2020-06-28 21:02:36.3907|INFO|Microsoft.AspNetCore.Mvc.Internal.ControllerActionInvoker|Executing action method CityInfo.API.Controllers.PointsOfInterestController.GetPointsOfInterest (CityInfo.API) - Validation state: Valid
2020-06-28 21:02:36.4043|INFO|Microsoft.AspNetCore.Mvc.Internal.ControllerActionInvoker|Executed action method CityInfo.API.Controllers.PointsOfInterestController.GetPointsOfInterest (CityInfo.API), returned result Microsoft.AspNetCore.Mvc.NotFoundResult in 0.781ms.
2020-06-28 21:02:36.4043|INFO|Microsoft.AspNetCore.Mvc.StatusCodeResult|Executing HttpStatusCodeResult, setting HTTP status code 404
2020-06-28 21:02:36.4043|INFO|Microsoft.AspNetCore.Mvc.Internal.ControllerActionInvoker|Executed action CityInfo.API.Controllers.PointsOfInterestController.GetPointsOfInterest (CityInfo.API) in 10.9176ms
2020-06-28 21:02:36.4043|INFO|Microsoft.AspNetCore.Hosting.Internal.WebHost|Request finished in 28.1593ms 404 text/plain
2020-06-28 21:02:44.6808|INFO|Microsoft.AspNetCore.Hosting.Internal.WebHost|Request starting HTTP/1.1 GET http://localhost:1028/api/cities  
2020-06-28 21:02:44.6862|INFO|Microsoft.AspNetCore.Mvc.Internal.ControllerActionInvoker|Route matched with {action = "GetCities", controller = "Cities"}. Executing controller action with signature Microsoft.AspNetCore.Mvc.IActionResult GetCities() on controller CityInfo.API.Controllers.CitiesController (CityInfo.API).
2020-06-28 21:02:44.6862|INFO|Microsoft.AspNetCore.Mvc.Internal.ControllerActionInvoker|Executing action method CityInfo.API.Controllers.CitiesController.GetCities (CityInfo.API) - Validation state: Valid
2020-06-28 21:02:44.6862|INFO|Microsoft.AspNetCore.Mvc.Internal.ControllerActionInvoker|Executed action method CityInfo.API.Controllers.CitiesController.GetCities (CityInfo.API), returned result Microsoft.AspNetCore.Mvc.OkObjectResult in 0.2719ms.
2020-06-28 21:02:44.6988|INFO|Microsoft.AspNetCore.Mvc.Infrastructure.ObjectResultExecutor|Executing ObjectResult, writing value of type 'System.Collections.Generic.List`1[[CityInfo.API.Models.CityDto, CityInfo.API, Version=1.0.0.0, Culture=neutral, PublicKeyToken=null]]'.
2020-06-28 21:02:44.7519|INFO|Microsoft.AspNetCore.Mvc.Internal.ControllerActionInvoker|Executed action CityInfo.API.Controllers.CitiesController.GetCities (CityInfo.API) in 62.4185ms
2020-06-28 21:02:44.7519|INFO|Microsoft.AspNetCore.Hosting.Internal.WebHost|Request finished in 83.3409ms 200 application/json; charset=utf-8
2020-06-28 21:03:01.6072|INFO|Microsoft.AspNetCore.Hosting.Internal.WebHost|Request starting HTTP/1.1 GET http://localhost:1028/api/cities/1  
2020-06-28 21:03:01.6072|INFO|Microsoft.AspNetCore.Mvc.Internal.ControllerActionInvoker|Route matched with {action = "GetCity", controller = "Cities"}. Executing controller action with signature Microsoft.AspNetCore.Mvc.IActionResult GetCity(Int32) on controller CityInfo.API.Controllers.CitiesController (CityInfo.API).
2020-06-28 21:03:01.6072|INFO|Microsoft.AspNetCore.Mvc.Internal.ControllerActionInvoker|Executing action method CityInfo.API.Controllers.CitiesController.GetCity (CityInfo.API) - Validation state: Valid
2020-06-28 21:03:01.6232|INFO|Microsoft.AspNetCore.Mvc.Internal.ControllerActionInvoker|Executed action method CityInfo.API.Controllers.CitiesController.GetCity (CityInfo.API), returned result Microsoft.AspNetCore.Mvc.OkObjectResult in 0.5105ms.
2020-06-28 21:03:01.6232|INFO|Microsoft.AspNetCore.Mvc.Infrastructure.ObjectResultExecutor|Executing ObjectResult, writing value of type 'CityInfo.API.Models.CityDto'.
2020-06-28 21:03:01.6232|INFO|Microsoft.AspNetCore.Mvc.Internal.ControllerActionInvoker|Executed action CityInfo.API.Controllers.CitiesController.GetCity (CityInfo.API) in 14.3767ms
2020-06-28 21:03:01.6232|INFO|Microsoft.AspNetCore.Hosting.Internal.WebHost|Request finished in 28.6121ms 200 application/json; charset=utf-8
2020-06-28 21:03:11.3244|INFO|Microsoft.AspNetCore.Hosting.Internal.WebHost|Request starting HTTP/1.1 DELETE http://localhost:1028/api/cities/1  
2020-06-28 21:03:11.3244|INFO|Microsoft.AspNetCore.Hosting.Internal.WebHost|Request finished in 12.3557ms 404 text/plain
2020-06-28 21:03:28.4083|INFO|Microsoft.AspNetCore.Hosting.Internal.WebHost|Request starting HTTP/1.1 DELETE http://localhost:1028/api/cities/1/pointsofinterest/1  
2020-06-28 21:03:28.4083|INFO|Microsoft.AspNetCore.Mvc.Internal.ControllerActionInvoker|Route matched with {action = "DeletePointOfInterest", controller = "PointsOfInterest"}. Executing controller action with signature Microsoft.AspNetCore.Mvc.IActionResult DeletePointOfInterest(Int32, Int32) on controller CityInfo.API.Controllers.PointsOfInterestController (CityInfo.API).
2020-06-28 21:03:28.4244|INFO|Microsoft.AspNetCore.Mvc.Internal.ControllerActionInvoker|Executing action method CityInfo.API.Controllers.PointsOfInterestController.DeletePointOfInterest (CityInfo.API) - Validation state: Valid
2020-06-28 21:03:28.4244|INFO|Microsoft.AspNetCore.Mvc.Internal.ControllerActionInvoker|Executed action method CityInfo.API.Controllers.PointsOfInterestController.DeletePointOfInterest (CityInfo.API), returned result Microsoft.AspNetCore.Mvc.NotFoundResult in 0.0079ms.
2020-06-28 21:03:28.4244|INFO|Microsoft.AspNetCore.Mvc.StatusCodeResult|Executing HttpStatusCodeResult, setting HTTP status code 404
2020-06-28 21:03:28.4244|INFO|Microsoft.AspNetCore.Mvc.Internal.ControllerActionInvoker|Executed action CityInfo.API.Controllers.PointsOfInterestController.DeletePointOfInterest (CityInfo.API) in 12.018ms
2020-06-28 21:03:28.4362|INFO|Microsoft.AspNetCore.Hosting.Internal.WebHost|Request finished in 27.9035ms 404 text/plain
2020-06-28 22:54:41.3979|INFO|CityInfo.API.Program|Initializing the Application...
2020-06-28 22:57:10.7022|INFO|CityInfo.API.Program|Initializing the Application...
2020-06-28 22:57:10.9563|FATAL|Microsoft.AspNetCore.Hosting.Internal.WebHost|Application startup exception
2020-06-28 22:57:11.1113|INFO|Microsoft.AspNetCore.Hosting.Internal.WebHost|Request starting HTTP/1.1 GET http://localhost:1028/  
2020-06-28 22:57:11.1113|INFO|Microsoft.AspNetCore.Hosting.Internal.WebHost|Request starting HTTP/1.1 GET http://localhost:1028/api/testdatabase  
2020-06-28 22:57:11.1261|INFO|Microsoft.AspNetCore.Hosting.Internal.WebHost|Request finished in 15.1815ms 500 
2020-06-28 22:57:11.1261|INFO|Microsoft.AspNetCore.Hosting.Internal.WebHost|Request finished in 15.4667ms 500 text/html; charset=utf-8
2020-06-28 22:57:57.5811|INFO|CityInfo.API.Program|Initializing the Application...
2020-06-28 22:58:21.3805|INFO|CityInfo.API.Program|Initializing the Application...
2020-06-28 22:58:21.6204|FATAL|Microsoft.AspNetCore.Hosting.Internal.WebHost|Application startup exception
2020-06-28 22:58:21.8153|INFO|Microsoft.AspNetCore.Hosting.Internal.WebHost|Request starting HTTP/1.1 GET http://localhost:1028/  
2020-06-28 22:58:21.8373|INFO|Microsoft.AspNetCore.Hosting.Internal.WebHost|Request finished in 22.1578ms 500 text/html; charset=utf-8
2020-06-28 22:59:32.5922|INFO|CityInfo.API.Program|Initializing the Application...
2020-06-28 22:59:46.5545|INFO|CityInfo.API.Program|Initializing the Application...
2020-06-28 22:59:46.8290|FATAL|Microsoft.AspNetCore.Hosting.Internal.WebHost|Application startup exception
2020-06-28 22:59:47.0111|INFO|Microsoft.AspNetCore.Hosting.Internal.WebHost|Request starting HTTP/1.1 GET http://localhost:1028/  
2020-06-28 22:59:47.0272|INFO|Microsoft.AspNetCore.Hosting.Internal.WebHost|Request finished in 16.3045ms 500 text/html; charset=utf-8
2020-06-28 23:00:55.2833|INFO|CityInfo.API.Program|Initializing the Application...
2020-06-28 23:00:56.4058|INFO|Microsoft.AspNetCore.DataProtection.KeyManagement.XmlKeyManager|User profile is available. Using 'C:\Users\saleeyas\AppData\Local\ASP.NET\DataProtection-Keys' as key repository and Windows DPAPI to encrypt keys at rest.
2020-06-28 23:00:56.9381|INFO|Microsoft.AspNetCore.Hosting.Internal.WebHost|Request starting HTTP/1.1 DEBUG http://localhost:1028/  0
2020-06-28 23:00:56.9381|INFO|Microsoft.AspNetCore.Hosting.Internal.WebHost|Request starting HTTP/1.1 GET http://localhost:1028/  
2020-06-28 23:00:56.9779|INFO|Microsoft.AspNetCore.Hosting.Internal.WebHost|Request finished in 39.8228ms 200 
2020-06-28 23:00:57.0885|INFO|Microsoft.AspNetCore.Hosting.Internal.WebHost|Request finished in 151.4692ms 404 text/plain
2020-06-28 23:01:23.1981|INFO|Microsoft.AspNetCore.Hosting.Internal.WebHost|Request starting HTTP/1.1 GET http://localhost:1028/api/testdatabase  
2020-06-28 23:01:23.2307|INFO|Microsoft.AspNetCore.Mvc.Internal.ControllerActionInvoker|Route matched with {action = "TestDatabase", controller = "Dummy"}. Executing controller action with signature Microsoft.AspNetCore.Mvc.IActionResult TestDatabase() on controller CityInfo.API.Controllers.DummyController (CityInfo.API).
2020-06-28 23:01:23.4063|INFO|Microsoft.AspNetCore.Mvc.Internal.ControllerActionInvoker|Executing action method CityInfo.API.Controllers.DummyController.TestDatabase (CityInfo.API) - Validation state: Valid
2020-06-28 23:01:23.4063|INFO|Microsoft.AspNetCore.Mvc.Internal.ControllerActionInvoker|Executed action method CityInfo.API.Controllers.DummyController.TestDatabase (CityInfo.API), returned result Microsoft.AspNetCore.Mvc.OkResult in 0.3221ms.
2020-06-28 23:01:23.4243|INFO|Microsoft.AspNetCore.Mvc.StatusCodeResult|Executing HttpStatusCodeResult, setting HTTP status code 200
2020-06-28 23:01:23.4310|INFO|Microsoft.AspNetCore.Mvc.Internal.ControllerActionInvoker|Executed action CityInfo.API.Controllers.DummyController.TestDatabase (CityInfo.API) in 193.8222ms
2020-06-28 23:01:23.4310|INFO|Microsoft.AspNetCore.Hosting.Internal.WebHost|Request finished in 237.897ms 200 
2020-06-28 23:02:43.7788|INFO|CityInfo.API.Program|Initializing the Application...
2020-06-28 23:02:45.8229|INFO|Microsoft.AspNetCore.DataProtection.KeyManagement.XmlKeyManager|User profile is available. Using 'C:\Users\saleeyas\AppData\Local\ASP.NET\DataProtection-Keys' as key repository and Windows DPAPI to encrypt keys at rest.
2020-06-28 23:02:46.3699|INFO|Microsoft.AspNetCore.Hosting.Internal.WebHost|Request starting HTTP/1.1 DEBUG http://localhost:1028/  0
2020-06-28 23:02:46.3699|INFO|Microsoft.AspNetCore.Hosting.Internal.WebHost|Request starting HTTP/1.1 GET http://localhost:1028/  
2020-06-28 23:02:46.4107|INFO|Microsoft.AspNetCore.Hosting.Internal.WebHost|Request finished in 39.2537ms 200 
2020-06-28 23:02:46.5272|INFO|Microsoft.AspNetCore.Hosting.Internal.WebHost|Request finished in 159.1123ms 404 text/plain
2020-06-28 23:04:42.1680|INFO|CityInfo.API.Program|Initializing the Application...
2020-06-28 23:04:43.3592|INFO|Microsoft.AspNetCore.DataProtection.KeyManagement.XmlKeyManager|User profile is available. Using 'C:\Users\saleeyas\AppData\Local\ASP.NET\DataProtection-Keys' as key repository and Windows DPAPI to encrypt keys at rest.
2020-06-28 23:04:43.6993|INFO|Microsoft.AspNetCore.Hosting.Internal.WebHost|Request starting HTTP/1.1 DEBUG http://localhost:1028/  0
2020-06-28 23:04:43.6993|INFO|Microsoft.AspNetCore.Hosting.Internal.WebHost|Request starting HTTP/1.1 GET http://localhost:1028/  
2020-06-28 23:04:43.7366|INFO|Microsoft.AspNetCore.Hosting.Internal.WebHost|Request finished in 37.3807ms 200 
2020-06-28 23:04:43.8505|INFO|Microsoft.AspNetCore.Hosting.Internal.WebHost|Request finished in 150.3023ms 404 text/plain
2020-06-28 23:04:49.5002|INFO|Microsoft.AspNetCore.Hosting.Internal.WebHost|Request starting HTTP/1.1 GET http://localhost:1028/api/testdatabase  
2020-06-28 23:04:49.5311|INFO|Microsoft.AspNetCore.Mvc.Internal.ControllerActionInvoker|Route matched with {action = "TestDatabase", controller = "Dummy"}. Executing controller action with signature Microsoft.AspNetCore.Mvc.IActionResult TestDatabase() on controller CityInfo.API.Controllers.DummyController (CityInfo.API).
2020-06-28 23:04:49.6302|INFO|Microsoft.AspNetCore.Mvc.Internal.ControllerActionInvoker|Executing action method CityInfo.API.Controllers.DummyController.TestDatabase (CityInfo.API) - Validation state: Valid
2020-06-28 23:04:49.6375|INFO|Microsoft.AspNetCore.Mvc.Internal.ControllerActionInvoker|Executed action method CityInfo.API.Controllers.DummyController.TestDatabase (CityInfo.API), returned result Microsoft.AspNetCore.Mvc.OkResult in 0.3546ms.
2020-06-28 23:04:49.6375|INFO|Microsoft.AspNetCore.Mvc.StatusCodeResult|Executing HttpStatusCodeResult, setting HTTP status code 200
2020-06-28 23:04:49.6544|INFO|Microsoft.AspNetCore.Mvc.Internal.ControllerActionInvoker|Executed action CityInfo.API.Controllers.DummyController.TestDatabase (CityInfo.API) in 117.2359ms
2020-06-28 23:04:49.6544|INFO|Microsoft.AspNetCore.Hosting.Internal.WebHost|Request finished in 159.4179ms 200 
2020-06-28 23:11:35.2732|INFO|Microsoft.EntityFrameworkCore.Infrastructure|Entity Framework Core 2.1.14-servicing-32113 initialized 'CityInfoContext' using provider 'Microsoft.EntityFrameworkCore.SqlServer' with options: None
2020-06-28 23:14:50.7629|INFO|Microsoft.EntityFrameworkCore.Infrastructure|Entity Framework Core 2.1.14-servicing-32113 initialized 'CityInfoContext' using provider 'Microsoft.EntityFrameworkCore.SqlServer' with options: None
2020-06-28 23:15:02.2590|INFO|Microsoft.EntityFrameworkCore.Database.Command|Executed DbCommand (428ms) [Parameters=[], CommandType='Text', CommandTimeout='60']
CREATE DATABASE [CityInfoDB];
2020-06-28 23:15:02.3139|INFO|Microsoft.EntityFrameworkCore.Database.Command|Executed DbCommand (53ms) [Parameters=[], CommandType='Text', CommandTimeout='60']
IF SERVERPROPERTY('EngineEdition') <> 5
BEGIN
    ALTER DATABASE [CityInfoDB] SET READ_COMMITTED_SNAPSHOT ON;
END;
2020-06-28 23:15:02.3649|INFO|Microsoft.EntityFrameworkCore.Database.Command|Executed DbCommand (9ms) [Parameters=[], CommandType='Text', CommandTimeout='30']
CREATE TABLE [__EFMigrationsHistory] (
    [MigrationId] nvarchar(150) NOT NULL,
    [ProductVersion] nvarchar(32) NOT NULL,
    CONSTRAINT [PK___EFMigrationsHistory] PRIMARY KEY ([MigrationId])
);
2020-06-28 23:15:02.3649|INFO|Microsoft.EntityFrameworkCore.Database.Command|Executed DbCommand (5ms) [Parameters=[], CommandType='Text', CommandTimeout='30']
SELECT OBJECT_ID(N'[__EFMigrationsHistory]');
2020-06-28 23:15:02.3767|INFO|Microsoft.EntityFrameworkCore.Database.Command|Executed DbCommand (1ms) [Parameters=[], CommandType='Text', CommandTimeout='30']
SELECT [MigrationId], [ProductVersion]
FROM [__EFMigrationsHistory]
ORDER BY [MigrationId];
2020-06-28 23:15:02.3767|INFO|Microsoft.EntityFrameworkCore.Migrations|Applying migration '20200628181135_CityInfoDBInitialMigration'.
2020-06-28 23:15:02.3960|INFO|Microsoft.EntityFrameworkCore.Database.Command|Executed DbCommand (2ms) [Parameters=[], CommandType='Text', CommandTimeout='30']
CREATE TABLE [Cities] (
    [Id] int NOT NULL IDENTITY,
    [Name] nvarchar(50) NOT NULL,
    [Description] nvarchar(200) NULL,
    CONSTRAINT [PK_Cities] PRIMARY KEY ([Id])
);
2020-06-28 23:15:02.3960|INFO|Microsoft.EntityFrameworkCore.Database.Command|Executed DbCommand (2ms) [Parameters=[], CommandType='Text', CommandTimeout='30']
CREATE TABLE [PointsOfInterest] (
    [Id] int NOT NULL IDENTITY,
    [Name] nvarchar(50) NOT NULL,
    [Description] nvarchar(200) NULL,
    [CityId] int NOT NULL,
    CONSTRAINT [PK_PointsOfInterest] PRIMARY KEY ([Id]),
    CONSTRAINT [FK_PointsOfInterest_Cities_CityId] FOREIGN KEY ([CityId]) REFERENCES [Cities] ([Id]) ON DELETE CASCADE
);
2020-06-28 23:15:02.4274|INFO|Microsoft.EntityFrameworkCore.Database.Command|Executed DbCommand (28ms) [Parameters=[], CommandType='Text', CommandTimeout='30']
IF EXISTS (SELECT * FROM [sys].[identity_columns] WHERE [name] IN (N'Id', N'Description', N'Name') AND [object_id] = OBJECT_ID(N'[Cities]'))
    SET IDENTITY_INSERT [Cities] ON;
INSERT INTO [Cities] ([Id], [Description], [Name])
VALUES (1, N'The Heart of Pakistan.', N'Lahore City');
IF EXISTS (SELECT * FROM [sys].[identity_columns] WHERE [name] IN (N'Id', N'Description', N'Name') AND [object_id] = OBJECT_ID(N'[Cities]'))
    SET IDENTITY_INSERT [Cities] OFF;
2020-06-28 23:15:02.5498|INFO|Microsoft.EntityFrameworkCore.Database.Command|Executed DbCommand (13ms) [Parameters=[], CommandType='Text', CommandTimeout='30']
IF EXISTS (SELECT * FROM [sys].[identity_columns] WHERE [name] IN (N'Id', N'Description', N'Name') AND [object_id] = OBJECT_ID(N'[Cities]'))
    SET IDENTITY_INSERT [Cities] ON;
INSERT INTO [Cities] ([Id], [Description], [Name])
VALUES (2, N'The City Of Lights.', N'Karachi');
IF EXISTS (SELECT * FROM [sys].[identity_columns] WHERE [name] IN (N'Id', N'Description', N'Name') AND [object_id] = OBJECT_ID(N'[Cities]'))
    SET IDENTITY_INSERT [Cities] OFF;
2020-06-28 23:15:02.5642|INFO|Microsoft.EntityFrameworkCore.Database.Command|Executed DbCommand (13ms) [Parameters=[], CommandType='Text', CommandTimeout='30']
IF EXISTS (SELECT * FROM [sys].[identity_columns] WHERE [name] IN (N'Id', N'Description', N'Name') AND [object_id] = OBJECT_ID(N'[Cities]'))
    SET IDENTITY_INSERT [Cities] ON;
INSERT INTO [Cities] ([Id], [Description], [Name])
VALUES (3, N'The City of Burgers', N'IslamAbad');
IF EXISTS (SELECT * FROM [sys].[identity_columns] WHERE [name] IN (N'Id', N'Description', N'Name') AND [object_id] = OBJECT_ID(N'[Cities]'))
    SET IDENTITY_INSERT [Cities] OFF;
2020-06-28 23:15:02.5808|INFO|Microsoft.EntityFrameworkCore.Database.Command|Executed DbCommand (14ms) [Parameters=[], CommandType='Text', CommandTimeout='30']
IF EXISTS (SELECT * FROM [sys].[identity_columns] WHERE [name] IN (N'Id', N'CityId', N'Description', N'Name') AND [object_id] = OBJECT_ID(N'[PointsOfInterest]'))
    SET IDENTITY_INSERT [PointsOfInterest] ON;
INSERT INTO [PointsOfInterest] ([Id], [CityId], [Description], [Name])
VALUES (1, 1, N'The most visited urban park in the Lahore City.', N'Jinnah Park'),
(2, 1, N'A 4 story mall which have many shops.', N'Emporium Building'),
(3, 2, N'A bazar named Anarkali.', N'Anarkali'),
(4, 2, N'The the finest example of railway architecture in Lahore.', N'Railway Station'),
(5, 3, N'A fake tower in Bahria Town.', N'Eiffel Tower'),
(6, 3, N'The UET largest museum.', N'The meusuim');
IF EXISTS (SELECT * FROM [sys].[identity_columns] WHERE [name] IN (N'Id', N'CityId', N'Description', N'Name') AND [object_id] = OBJECT_ID(N'[PointsOfInterest]'))
    SET IDENTITY_INSERT [PointsOfInterest] OFF;
2020-06-28 23:15:03.7533|INFO|Microsoft.EntityFrameworkCore.Database.Command|Executed DbCommand (5ms) [Parameters=[], CommandType='Text', CommandTimeout='30']
CREATE INDEX [IX_PointsOfInterest_CityId] ON [PointsOfInterest] ([CityId]);
2020-06-28 23:15:03.7533|INFO|Microsoft.EntityFrameworkCore.Database.Command|Executed DbCommand (2ms) [Parameters=[], CommandType='Text', CommandTimeout='30']
INSERT INTO [__EFMigrationsHistory] ([MigrationId], [ProductVersion])
VALUES (N'20200628181135_CityInfoDBInitialMigration', N'2.1.14-servicing-32113');
2020-06-28 23:25:07.0577|INFO|CityInfo.API.Program|Initializing application...
2020-06-28 23:25:08.2597|INFO|Microsoft.EntityFrameworkCore.Infrastructure|Entity Framework Core 2.1.14-servicing-32113 initialized 'CityInfoContext' using provider 'Microsoft.EntityFrameworkCore.SqlServer' with options: None
2020-06-28 23:25:19.6543|INFO|Microsoft.EntityFrameworkCore.Database.Command|Executed DbCommand (440ms) [Parameters=[], CommandType='Text', CommandTimeout='60']
CREATE DATABASE [CityInfoDB];
2020-06-28 23:25:19.7081|INFO|Microsoft.EntityFrameworkCore.Database.Command|Executed DbCommand (51ms) [Parameters=[], CommandType='Text', CommandTimeout='60']
IF SERVERPROPERTY('EngineEdition') <> 5
BEGIN
    ALTER DATABASE [CityInfoDB] SET READ_COMMITTED_SNAPSHOT ON;
END;
2020-06-28 23:25:19.7609|INFO|Microsoft.EntityFrameworkCore.Database.Command|Executed DbCommand (9ms) [Parameters=[], CommandType='Text', CommandTimeout='30']
CREATE TABLE [__EFMigrationsHistory] (
    [MigrationId] nvarchar(150) NOT NULL,
    [ProductVersion] nvarchar(32) NOT NULL,
    CONSTRAINT [PK___EFMigrationsHistory] PRIMARY KEY ([MigrationId])
);
2020-06-28 23:25:19.7609|INFO|Microsoft.EntityFrameworkCore.Database.Command|Executed DbCommand (3ms) [Parameters=[], CommandType='Text', CommandTimeout='30']
SELECT OBJECT_ID(N'[__EFMigrationsHistory]');
2020-06-28 23:25:19.7739|INFO|Microsoft.EntityFrameworkCore.Database.Command|Executed DbCommand (1ms) [Parameters=[], CommandType='Text', CommandTimeout='30']
SELECT [MigrationId], [ProductVersion]
FROM [__EFMigrationsHistory]
ORDER BY [MigrationId];
2020-06-28 23:25:19.7739|INFO|Microsoft.EntityFrameworkCore.Migrations|Applying migration '20200628181135_CityInfoDBInitialMigration'.
2020-06-28 23:25:19.7984|INFO|Microsoft.EntityFrameworkCore.Database.Command|Executed DbCommand (2ms) [Parameters=[], CommandType='Text', CommandTimeout='30']
CREATE TABLE [Cities] (
    [Id] int NOT NULL IDENTITY,
    [Name] nvarchar(50) NOT NULL,
    [Description] nvarchar(200) NULL,
    CONSTRAINT [PK_Cities] PRIMARY KEY ([Id])
);
2020-06-28 23:25:19.8024|INFO|Microsoft.EntityFrameworkCore.Database.Command|Executed DbCommand (2ms) [Parameters=[], CommandType='Text', CommandTimeout='30']
CREATE TABLE [PointsOfInterest] (
    [Id] int NOT NULL IDENTITY,
    [Name] nvarchar(50) NOT NULL,
    [Description] nvarchar(200) NULL,
    [CityId] int NOT NULL,
    CONSTRAINT [PK_PointsOfInterest] PRIMARY KEY ([Id]),
    CONSTRAINT [FK_PointsOfInterest_Cities_CityId] FOREIGN KEY ([CityId]) REFERENCES [Cities] ([Id]) ON DELETE CASCADE
);
2020-06-28 23:25:19.8311|INFO|Microsoft.EntityFrameworkCore.Database.Command|Executed DbCommand (26ms) [Parameters=[], CommandType='Text', CommandTimeout='30']
IF EXISTS (SELECT * FROM [sys].[identity_columns] WHERE [name] IN (N'Id', N'Description', N'Name') AND [object_id] = OBJECT_ID(N'[Cities]'))
    SET IDENTITY_INSERT [Cities] ON;
INSERT INTO [Cities] ([Id], [Description], [Name])
VALUES (1, N'The Heart of Pakistan.', N'Lahore City');
IF EXISTS (SELECT * FROM [sys].[identity_columns] WHERE [name] IN (N'Id', N'Description', N'Name') AND [object_id] = OBJECT_ID(N'[Cities]'))
    SET IDENTITY_INSERT [Cities] OFF;
2020-06-28 23:25:19.8311|INFO|Microsoft.EntityFrameworkCore.Database.Command|Executed DbCommand (5ms) [Parameters=[], CommandType='Text', CommandTimeout='30']
IF EXISTS (SELECT * FROM [sys].[identity_columns] WHERE [name] IN (N'Id', N'Description', N'Name') AND [object_id] = OBJECT_ID(N'[Cities]'))
    SET IDENTITY_INSERT [Cities] ON;
INSERT INTO [Cities] ([Id], [Description], [Name])
VALUES (2, N'The City Of Lights.', N'Karachi');
IF EXISTS (SELECT * FROM [sys].[identity_columns] WHERE [name] IN (N'Id', N'Description', N'Name') AND [object_id] = OBJECT_ID(N'[Cities]'))
    SET IDENTITY_INSERT [Cities] OFF;
2020-06-28 23:25:19.8311|INFO|Microsoft.EntityFrameworkCore.Database.Command|Executed DbCommand (5ms) [Parameters=[], CommandType='Text', CommandTimeout='30']
IF EXISTS (SELECT * FROM [sys].[identity_columns] WHERE [name] IN (N'Id', N'Description', N'Name') AND [object_id] = OBJECT_ID(N'[Cities]'))
    SET IDENTITY_INSERT [Cities] ON;
INSERT INTO [Cities] ([Id], [Description], [Name])
VALUES (3, N'The City of Burgers', N'IslamAbad');
IF EXISTS (SELECT * FROM [sys].[identity_columns] WHERE [name] IN (N'Id', N'Description', N'Name') AND [object_id] = OBJECT_ID(N'[Cities]'))
    SET IDENTITY_INSERT [Cities] OFF;
2020-06-28 23:25:19.8555|INFO|Microsoft.EntityFrameworkCore.Database.Command|Executed DbCommand (8ms) [Parameters=[], CommandType='Text', CommandTimeout='30']
IF EXISTS (SELECT * FROM [sys].[identity_columns] WHERE [name] IN (N'Id', N'CityId', N'Description', N'Name') AND [object_id] = OBJECT_ID(N'[PointsOfInterest]'))
    SET IDENTITY_INSERT [PointsOfInterest] ON;
INSERT INTO [PointsOfInterest] ([Id], [CityId], [Description], [Name])
VALUES (1, 1, N'The most visited urban park in the Lahore City.', N'Jinnah Park'),
(2, 1, N'A 4 story mall which have many shops.', N'Emporium Building'),
(3, 2, N'A bazar named Anarkali.', N'Anarkali'),
(4, 2, N'The the finest example of railway architecture in Lahore.', N'Railway Station'),
(5, 3, N'A fake tower in Bahria Town.', N'Eiffel Tower'),
(6, 3, N'The UET largest museum.', N'The meusuim');
IF EXISTS (SELECT * FROM [sys].[identity_columns] WHERE [name] IN (N'Id', N'CityId', N'Description', N'Name') AND [object_id] = OBJECT_ID(N'[PointsOfInterest]'))
    SET IDENTITY_INSERT [PointsOfInterest] OFF;
2020-06-28 23:25:19.8555|INFO|Microsoft.EntityFrameworkCore.Database.Command|Executed DbCommand (2ms) [Parameters=[], CommandType='Text', CommandTimeout='30']
CREATE INDEX [IX_PointsOfInterest_CityId] ON [PointsOfInterest] ([CityId]);
2020-06-28 23:25:19.8623|INFO|Microsoft.EntityFrameworkCore.Database.Command|Executed DbCommand (1ms) [Parameters=[], CommandType='Text', CommandTimeout='30']
INSERT INTO [__EFMigrationsHistory] ([MigrationId], [ProductVersion])
VALUES (N'20200628181135_CityInfoDBInitialMigration', N'2.1.14-servicing-32113');
2020-06-28 23:25:19.9203|INFO|Microsoft.AspNetCore.DataProtection.KeyManagement.XmlKeyManager|User profile is available. Using 'C:\Users\saleeyas\AppData\Local\ASP.NET\DataProtection-Keys' as key repository and Windows DPAPI to encrypt keys at rest.
2020-06-28 23:25:20.3614|INFO|Microsoft.AspNetCore.Hosting.Internal.WebHost|Request starting HTTP/1.1 GET http://localhost:1028/  
2020-06-28 23:25:20.3614|INFO|Microsoft.AspNetCore.Hosting.Internal.WebHost|Request starting HTTP/1.1 DEBUG http://localhost:1028/  0
2020-06-28 23:25:20.3979|INFO|Microsoft.AspNetCore.Hosting.Internal.WebHost|Request finished in 36.9493ms 200 
2020-06-28 23:25:20.5065|INFO|Microsoft.AspNetCore.Hosting.Internal.WebHost|Request finished in 146.8656ms 404 text/plain
2020-06-28 23:27:57.1567|INFO|Microsoft.EntityFrameworkCore.Infrastructure|Entity Framework Core 2.1.14-servicing-32113 initialized 'CityInfoContext' using provider 'Microsoft.EntityFrameworkCore.SqlServer' with options: None
2020-06-28 23:30:10.4859|INFO|CityInfo.API.Program|Initializing application...
2020-06-28 23:30:11.5231|INFO|Microsoft.EntityFrameworkCore.Infrastructure|Entity Framework Core 2.1.14-servicing-32113 initialized 'CityInfoContext' using provider 'Microsoft.EntityFrameworkCore.SqlServer' with options: None
2020-06-28 23:30:11.7299|INFO|Microsoft.EntityFrameworkCore.Database.Command|Executed DbCommand (3ms) [Parameters=[], CommandType='Text', CommandTimeout='60']
IF SERVERPROPERTY('EngineEdition') <> 5
BEGIN
    ALTER DATABASE [CityInfoDB] SET SINGLE_USER WITH ROLLBACK IMMEDIATE;
END;
2020-06-28 23:30:11.7561|INFO|Microsoft.EntityFrameworkCore.Database.Command|Executed DbCommand (21ms) [Parameters=[], CommandType='Text', CommandTimeout='60']
DROP DATABASE [CityInfoDB];
2020-06-28 23:30:22.0528|INFO|Microsoft.EntityFrameworkCore.Database.Command|Executed DbCommand (258ms) [Parameters=[], CommandType='Text', CommandTimeout='60']
CREATE DATABASE [CityInfoDB];
2020-06-28 23:30:22.1065|INFO|Microsoft.EntityFrameworkCore.Database.Command|Executed DbCommand (52ms) [Parameters=[], CommandType='Text', CommandTimeout='60']
IF SERVERPROPERTY('EngineEdition') <> 5
BEGIN
    ALTER DATABASE [CityInfoDB] SET READ_COMMITTED_SNAPSHOT ON;
END;
2020-06-28 23:30:22.1629|INFO|Microsoft.EntityFrameworkCore.Database.Command|Executed DbCommand (11ms) [Parameters=[], CommandType='Text', CommandTimeout='30']
CREATE TABLE [__EFMigrationsHistory] (
    [MigrationId] nvarchar(150) NOT NULL,
    [ProductVersion] nvarchar(32) NOT NULL,
    CONSTRAINT [PK___EFMigrationsHistory] PRIMARY KEY ([MigrationId])
);
2020-06-28 23:30:22.1629|INFO|Microsoft.EntityFrameworkCore.Database.Command|Executed DbCommand (3ms) [Parameters=[], CommandType='Text', CommandTimeout='30']
SELECT OBJECT_ID(N'[__EFMigrationsHistory]');
2020-06-28 23:30:22.1629|INFO|Microsoft.EntityFrameworkCore.Database.Command|Executed DbCommand (1ms) [Parameters=[], CommandType='Text', CommandTimeout='30']
SELECT [MigrationId], [ProductVersion]
FROM [__EFMigrationsHistory]
ORDER BY [MigrationId];
2020-06-28 23:30:22.1824|INFO|Microsoft.EntityFrameworkCore.Migrations|Applying migration '20200628181135_CityInfoDBInitialMigration'.
2020-06-28 23:30:22.2021|INFO|Microsoft.EntityFrameworkCore.Database.Command|Executed DbCommand (2ms) [Parameters=[], CommandType='Text', CommandTimeout='30']
CREATE TABLE [Cities] (
    [Id] int NOT NULL IDENTITY,
    [Name] nvarchar(50) NOT NULL,
    [Description] nvarchar(200) NULL,
    CONSTRAINT [PK_Cities] PRIMARY KEY ([Id])
);
2020-06-28 23:30:22.2021|INFO|Microsoft.EntityFrameworkCore.Database.Command|Executed DbCommand (2ms) [Parameters=[], CommandType='Text', CommandTimeout='30']
CREATE TABLE [PointsOfInterest] (
    [Id] int NOT NULL IDENTITY,
    [Name] nvarchar(50) NOT NULL,
    [Description] nvarchar(200) NULL,
    [CityId] int NOT NULL,
    CONSTRAINT [PK_PointsOfInterest] PRIMARY KEY ([Id]),
    CONSTRAINT [FK_PointsOfInterest_Cities_CityId] FOREIGN KEY ([CityId]) REFERENCES [Cities] ([Id]) ON DELETE CASCADE
);
2020-06-28 23:30:22.2296|INFO|Microsoft.EntityFrameworkCore.Database.Command|Executed DbCommand (22ms) [Parameters=[], CommandType='Text', CommandTimeout='30']
IF EXISTS (SELECT * FROM [sys].[identity_columns] WHERE [name] IN (N'Id', N'Description', N'Name') AND [object_id] = OBJECT_ID(N'[Cities]'))
    SET IDENTITY_INSERT [Cities] ON;
INSERT INTO [Cities] ([Id], [Description], [Name])
VALUES (1, N'The Heart of Pakistan.', N'Lahore City');
IF EXISTS (SELECT * FROM [sys].[identity_columns] WHERE [name] IN (N'Id', N'Description', N'Name') AND [object_id] = OBJECT_ID(N'[Cities]'))
    SET IDENTITY_INSERT [Cities] OFF;
2020-06-28 23:30:22.2296|INFO|Microsoft.EntityFrameworkCore.Database.Command|Executed DbCommand (5ms) [Parameters=[], CommandType='Text', CommandTimeout='30']
IF EXISTS (SELECT * FROM [sys].[identity_columns] WHERE [name] IN (N'Id', N'Description', N'Name') AND [object_id] = OBJECT_ID(N'[Cities]'))
    SET IDENTITY_INSERT [Cities] ON;
INSERT INTO [Cities] ([Id], [Description], [Name])
VALUES (2, N'The City Of Lights.', N'Karachi');
IF EXISTS (SELECT * FROM [sys].[identity_columns] WHERE [name] IN (N'Id', N'Description', N'Name') AND [object_id] = OBJECT_ID(N'[Cities]'))
    SET IDENTITY_INSERT [Cities] OFF;
2020-06-28 23:30:22.2444|INFO|Microsoft.EntityFrameworkCore.Database.Command|Executed DbCommand (6ms) [Parameters=[], CommandType='Text', CommandTimeout='30']
IF EXISTS (SELECT * FROM [sys].[identity_columns] WHERE [name] IN (N'Id', N'Description', N'Name') AND [object_id] = OBJECT_ID(N'[Cities]'))
    SET IDENTITY_INSERT [Cities] ON;
INSERT INTO [Cities] ([Id], [Description], [Name])
VALUES (3, N'The City of Burgers', N'IslamAbad');
IF EXISTS (SELECT * FROM [sys].[identity_columns] WHERE [name] IN (N'Id', N'Description', N'Name') AND [object_id] = OBJECT_ID(N'[Cities]'))
    SET IDENTITY_INSERT [Cities] OFF;
2020-06-28 23:30:22.2555|INFO|Microsoft.EntityFrameworkCore.Database.Command|Executed DbCommand (9ms) [Parameters=[], CommandType='Text', CommandTimeout='30']
IF EXISTS (SELECT * FROM [sys].[identity_columns] WHERE [name] IN (N'Id', N'CityId', N'Description', N'Name') AND [object_id] = OBJECT_ID(N'[PointsOfInterest]'))
    SET IDENTITY_INSERT [PointsOfInterest] ON;
INSERT INTO [PointsOfInterest] ([Id], [CityId], [Description], [Name])
VALUES (1, 1, N'The most visited urban park in the Lahore City.', N'Jinnah Park'),
(2, 1, N'A 4 story mall which have many shops.', N'Emporium Building'),
(3, 2, N'A bazar named Anarkali.', N'Anarkali'),
(4, 2, N'The the finest example of railway architecture in Lahore.', N'Railway Station'),
(5, 3, N'A fake tower in Bahria Town.', N'Eiffel Tower'),
(6, 3, N'The UET largest museum.', N'The meusuim');
IF EXISTS (SELECT * FROM [sys].[identity_columns] WHERE [name] IN (N'Id', N'CityId', N'Description', N'Name') AND [object_id] = OBJECT_ID(N'[PointsOfInterest]'))
    SET IDENTITY_INSERT [PointsOfInterest] OFF;
2020-06-28 23:30:22.2555|INFO|Microsoft.EntityFrameworkCore.Database.Command|Executed DbCommand (2ms) [Parameters=[], CommandType='Text', CommandTimeout='30']
CREATE INDEX [IX_PointsOfInterest_CityId] ON [PointsOfInterest] ([CityId]);
2020-06-28 23:30:22.2555|INFO|Microsoft.EntityFrameworkCore.Database.Command|Executed DbCommand (1ms) [Parameters=[], CommandType='Text', CommandTimeout='30']
INSERT INTO [__EFMigrationsHistory] ([MigrationId], [ProductVersion])
VALUES (N'20200628181135_CityInfoDBInitialMigration', N'2.1.14-servicing-32113');
2020-06-28 23:30:22.2555|INFO|Microsoft.EntityFrameworkCore.Migrations|Applying migration '20200628182757_CityInfoDBAddPoIDescription'.
2020-06-28 23:30:22.2555|INFO|Microsoft.EntityFrameworkCore.Database.Command|Executed DbCommand (0ms) [Parameters=[], CommandType='Text', CommandTimeout='30']
INSERT INTO [__EFMigrationsHistory] ([MigrationId], [ProductVersion])
VALUES (N'20200628182757_CityInfoDBAddPoIDescription', N'2.1.14-servicing-32113');
2020-06-28 23:30:22.3254|INFO|Microsoft.AspNetCore.DataProtection.KeyManagement.XmlKeyManager|User profile is available. Using 'C:\Users\saleeyas\AppData\Local\ASP.NET\DataProtection-Keys' as key repository and Windows DPAPI to encrypt keys at rest.
2020-06-28 23:30:22.8537|INFO|Microsoft.AspNetCore.Hosting.Internal.WebHost|Request starting HTTP/1.1 DEBUG http://localhost:1028/  0
2020-06-28 23:30:22.8537|INFO|Microsoft.AspNetCore.Hosting.Internal.WebHost|Request starting HTTP/1.1 GET http://localhost:1028/  
2020-06-28 23:30:22.8915|INFO|Microsoft.AspNetCore.Hosting.Internal.WebHost|Request finished in 37.2089ms 200 
2020-06-28 23:30:22.9991|INFO|Microsoft.AspNetCore.Hosting.Internal.WebHost|Request finished in 146.946ms 404 text/plain
2020-06-28 23:35:42.6627|INFO|CityInfo.API.Program|Initializing application...
2020-06-28 23:35:54.6062|INFO|CityInfo.API.Program|Initializing application...
2020-06-28 23:35:55.0566|INFO|Microsoft.EntityFrameworkCore.Infrastructure|Entity Framework Core 2.1.14-servicing-32113 initialized 'CityInfoContext' using provider 'Microsoft.EntityFrameworkCore.SqlServer' with options: None
2020-06-28 23:35:58.1709|INFO|Microsoft.EntityFrameworkCore.Database.Command|Executed DbCommand (3,005ms) [Parameters=[], CommandType='Text', CommandTimeout='60']
IF SERVERPROPERTY('EngineEdition') <> 5
BEGIN
    ALTER DATABASE [CityInfoDB] SET SINGLE_USER WITH ROLLBACK IMMEDIATE;
END;
2020-06-28 23:35:58.2213|INFO|Microsoft.EntityFrameworkCore.Database.Command|Executed DbCommand (46ms) [Parameters=[], CommandType='Text', CommandTimeout='60']
DROP DATABASE [CityInfoDB];
2020-06-28 23:36:08.7257|INFO|Microsoft.EntityFrameworkCore.Database.Command|Executed DbCommand (476ms) [Parameters=[], CommandType='Text', CommandTimeout='60']
CREATE DATABASE [CityInfoDB];
2020-06-28 23:36:08.7855|INFO|Microsoft.EntityFrameworkCore.Database.Command|Executed DbCommand (59ms) [Parameters=[], CommandType='Text', CommandTimeout='60']
IF SERVERPROPERTY('EngineEdition') <> 5
BEGIN
    ALTER DATABASE [CityInfoDB] SET READ_COMMITTED_SNAPSHOT ON;
END;
2020-06-28 23:36:08.8441|INFO|Microsoft.EntityFrameworkCore.Database.Command|Executed DbCommand (9ms) [Parameters=[], CommandType='Text', CommandTimeout='30']
CREATE TABLE [__EFMigrationsHistory] (
    [MigrationId] nvarchar(150) NOT NULL,
    [ProductVersion] nvarchar(32) NOT NULL,
    CONSTRAINT [PK___EFMigrationsHistory] PRIMARY KEY ([MigrationId])
);
2020-06-28 23:36:08.8441|INFO|Microsoft.EntityFrameworkCore.Database.Command|Executed DbCommand (2ms) [Parameters=[], CommandType='Text', CommandTimeout='30']
SELECT OBJECT_ID(N'[__EFMigrationsHistory]');
2020-06-28 23:36:08.8526|INFO|Microsoft.EntityFrameworkCore.Database.Command|Executed DbCommand (1ms) [Parameters=[], CommandType='Text', CommandTimeout='30']
SELECT [MigrationId], [ProductVersion]
FROM [__EFMigrationsHistory]
ORDER BY [MigrationId];
2020-06-28 23:36:08.8526|INFO|Microsoft.EntityFrameworkCore.Migrations|Applying migration '20200628181135_CityInfoDBInitialMigration'.
2020-06-28 23:36:08.8738|INFO|Microsoft.EntityFrameworkCore.Database.Command|Executed DbCommand (2ms) [Parameters=[], CommandType='Text', CommandTimeout='30']
CREATE TABLE [Cities] (
    [Id] int NOT NULL IDENTITY,
    [Name] nvarchar(50) NOT NULL,
    [Description] nvarchar(200) NULL,
    CONSTRAINT [PK_Cities] PRIMARY KEY ([Id])
);
2020-06-28 23:36:08.8738|INFO|Microsoft.EntityFrameworkCore.Database.Command|Executed DbCommand (2ms) [Parameters=[], CommandType='Text', CommandTimeout='30']
CREATE TABLE [PointsOfInterest] (
    [Id] int NOT NULL IDENTITY,
    [Name] nvarchar(50) NOT NULL,
    [Description] nvarchar(200) NULL,
    [CityId] int NOT NULL,
    CONSTRAINT [PK_PointsOfInterest] PRIMARY KEY ([Id]),
    CONSTRAINT [FK_PointsOfInterest_Cities_CityId] FOREIGN KEY ([CityId]) REFERENCES [Cities] ([Id]) ON DELETE CASCADE
);
2020-06-28 23:36:08.8963|INFO|Microsoft.EntityFrameworkCore.Database.Command|Executed DbCommand (19ms) [Parameters=[], CommandType='Text', CommandTimeout='30']
IF EXISTS (SELECT * FROM [sys].[identity_columns] WHERE [name] IN (N'Id', N'Description', N'Name') AND [object_id] = OBJECT_ID(N'[Cities]'))
    SET IDENTITY_INSERT [Cities] ON;
INSERT INTO [Cities] ([Id], [Description], [Name])
VALUES (1, N'The Heart of Pakistan.', N'Lahore City');
IF EXISTS (SELECT * FROM [sys].[identity_columns] WHERE [name] IN (N'Id', N'Description', N'Name') AND [object_id] = OBJECT_ID(N'[Cities]'))
    SET IDENTITY_INSERT [Cities] OFF;
2020-06-28 23:36:08.9030|INFO|Microsoft.EntityFrameworkCore.Database.Command|Executed DbCommand (6ms) [Parameters=[], CommandType='Text', CommandTimeout='30']
IF EXISTS (SELECT * FROM [sys].[identity_columns] WHERE [name] IN (N'Id', N'Description', N'Name') AND [object_id] = OBJECT_ID(N'[Cities]'))
    SET IDENTITY_INSERT [Cities] ON;
INSERT INTO [Cities] ([Id], [Description], [Name])
VALUES (2, N'The City Of Lights.', N'Karachi');
IF EXISTS (SELECT * FROM [sys].[identity_columns] WHERE [name] IN (N'Id', N'Description', N'Name') AND [object_id] = OBJECT_ID(N'[Cities]'))
    SET IDENTITY_INSERT [Cities] OFF;
2020-06-28 23:36:08.9030|INFO|Microsoft.EntityFrameworkCore.Database.Command|Executed DbCommand (7ms) [Parameters=[], CommandType='Text', CommandTimeout='30']
IF EXISTS (SELECT * FROM [sys].[identity_columns] WHERE [name] IN (N'Id', N'Description', N'Name') AND [object_id] = OBJECT_ID(N'[Cities]'))
    SET IDENTITY_INSERT [Cities] ON;
INSERT INTO [Cities] ([Id], [Description], [Name])
VALUES (3, N'The City of Burgers', N'IslamAbad');
IF EXISTS (SELECT * FROM [sys].[identity_columns] WHERE [name] IN (N'Id', N'Description', N'Name') AND [object_id] = OBJECT_ID(N'[Cities]'))
    SET IDENTITY_INSERT [Cities] OFF;
2020-06-28 23:36:08.9192|INFO|Microsoft.EntityFrameworkCore.Database.Command|Executed DbCommand (8ms) [Parameters=[], CommandType='Text', CommandTimeout='30']
IF EXISTS (SELECT * FROM [sys].[identity_columns] WHERE [name] IN (N'Id', N'CityId', N'Description', N'Name') AND [object_id] = OBJECT_ID(N'[PointsOfInterest]'))
    SET IDENTITY_INSERT [PointsOfInterest] ON;
INSERT INTO [PointsOfInterest] ([Id], [CityId], [Description], [Name])
VALUES (1, 1, N'The most visited urban park in the Lahore City.', N'Jinnah Park'),
(2, 1, N'A 4 story mall which have many shops.', N'Emporium Building'),
(3, 2, N'A bazar named Anarkali.', N'Anarkali'),
(4, 2, N'The the finest example of railway architecture in Lahore.', N'Railway Station'),
(5, 3, N'A fake tower in Bahria Town.', N'Eiffel Tower'),
(6, 3, N'The UET largest museum.', N'The meusuim');
IF EXISTS (SELECT * FROM [sys].[identity_columns] WHERE [name] IN (N'Id', N'CityId', N'Description', N'Name') AND [object_id] = OBJECT_ID(N'[PointsOfInterest]'))
    SET IDENTITY_INSERT [PointsOfInterest] OFF;
2020-06-28 23:36:08.9192|INFO|Microsoft.EntityFrameworkCore.Database.Command|Executed DbCommand (2ms) [Parameters=[], CommandType='Text', CommandTimeout='30']
CREATE INDEX [IX_PointsOfInterest_CityId] ON [PointsOfInterest] ([CityId]);
2020-06-28 23:36:08.9192|INFO|Microsoft.EntityFrameworkCore.Database.Command|Executed DbCommand (1ms) [Parameters=[], CommandType='Text', CommandTimeout='30']
INSERT INTO [__EFMigrationsHistory] ([MigrationId], [ProductVersion])
VALUES (N'20200628181135_CityInfoDBInitialMigration', N'2.1.14-servicing-32113');
2020-06-28 23:36:08.9192|INFO|Microsoft.EntityFrameworkCore.Migrations|Applying migration '20200628182757_CityInfoDBAddPoIDescription'.
2020-06-28 23:36:08.9192|INFO|Microsoft.EntityFrameworkCore.Database.Command|Executed DbCommand (0ms) [Parameters=[], CommandType='Text', CommandTimeout='30']
INSERT INTO [__EFMigrationsHistory] ([MigrationId], [ProductVersion])
VALUES (N'20200628182757_CityInfoDBAddPoIDescription', N'2.1.14-servicing-32113');
2020-06-28 23:36:08.9502|INFO|Microsoft.AspNetCore.DataProtection.KeyManagement.XmlKeyManager|User profile is available. Using 'C:\Users\saleeyas\AppData\Local\ASP.NET\DataProtection-Keys' as key repository and Windows DPAPI to encrypt keys at rest.
2020-06-28 23:36:09.3362|INFO|Microsoft.AspNetCore.Hosting.Internal.WebHost|Request starting HTTP/1.1 GET http://localhost:1028/  
2020-06-28 23:36:09.4269|INFO|Microsoft.AspNetCore.Hosting.Internal.WebHost|Request finished in 90.9164ms 404 text/plain
2020-06-28 23:42:48.8118|INFO|Microsoft.EntityFrameworkCore.Infrastructure|Entity Framework Core 2.1.14-servicing-32113 initialized 'CityInfoContext' using provider 'Microsoft.EntityFrameworkCore.SqlServer' with options: None
2020-06-28 23:43:48.4558|INFO|CityInfo.API.Program|Initializing application...
2020-06-28 23:43:57.2241|INFO|Microsoft.EntityFrameworkCore.Infrastructure|Entity Framework Core 2.1.14-servicing-32113 initialized 'CityInfoContext' using provider 'Microsoft.EntityFrameworkCore.SqlServer' with options: None
2020-06-28 23:43:57.4259|INFO|Microsoft.EntityFrameworkCore.Database.Command|Executed DbCommand (2ms) [Parameters=[], CommandType='Text', CommandTimeout='60']
IF SERVERPROPERTY('EngineEdition') <> 5
BEGIN
    ALTER DATABASE [CityInfoDB] SET SINGLE_USER WITH ROLLBACK IMMEDIATE;
END;
2020-06-28 23:43:57.4452|INFO|Microsoft.EntityFrameworkCore.Database.Command|Executed DbCommand (13ms) [Parameters=[], CommandType='Text', CommandTimeout='60']
DROP DATABASE [CityInfoDB];
2020-06-28 23:44:07.7067|INFO|Microsoft.EntityFrameworkCore.Database.Command|Executed DbCommand (226ms) [Parameters=[], CommandType='Text', CommandTimeout='60']
CREATE DATABASE [CityInfoDB];
2020-06-28 23:44:07.7860|INFO|Microsoft.EntityFrameworkCore.Database.Command|Executed DbCommand (77ms) [Parameters=[], CommandType='Text', CommandTimeout='60']
IF SERVERPROPERTY('EngineEdition') <> 5
BEGIN
    ALTER DATABASE [CityInfoDB] SET READ_COMMITTED_SNAPSHOT ON;
END;
2020-06-28 23:44:07.8444|INFO|Microsoft.EntityFrameworkCore.Database.Command|Executed DbCommand (8ms) [Parameters=[], CommandType='Text', CommandTimeout='30']
CREATE TABLE [__EFMigrationsHistory] (
    [MigrationId] nvarchar(150) NOT NULL,
    [ProductVersion] nvarchar(32) NOT NULL,
    CONSTRAINT [PK___EFMigrationsHistory] PRIMARY KEY ([MigrationId])
);
2020-06-28 23:44:07.8444|INFO|Microsoft.EntityFrameworkCore.Database.Command|Executed DbCommand (2ms) [Parameters=[], CommandType='Text', CommandTimeout='30']
SELECT OBJECT_ID(N'[__EFMigrationsHistory]');
2020-06-28 23:44:07.8559|INFO|Microsoft.EntityFrameworkCore.Database.Command|Executed DbCommand (1ms) [Parameters=[], CommandType='Text', CommandTimeout='30']
SELECT [MigrationId], [ProductVersion]
FROM [__EFMigrationsHistory]
ORDER BY [MigrationId];
2020-06-28 23:44:07.8559|INFO|Microsoft.EntityFrameworkCore.Migrations|Applying migration '20200628181135_CityInfoDBInitialMigration'.
2020-06-28 23:44:07.8813|INFO|Microsoft.EntityFrameworkCore.Database.Command|Executed DbCommand (2ms) [Parameters=[], CommandType='Text', CommandTimeout='30']
CREATE TABLE [Cities] (
    [Id] int NOT NULL IDENTITY,
    [Name] nvarchar(50) NOT NULL,
    [Description] nvarchar(200) NULL,
    CONSTRAINT [PK_Cities] PRIMARY KEY ([Id])
);
2020-06-28 23:44:07.8813|INFO|Microsoft.EntityFrameworkCore.Database.Command|Executed DbCommand (2ms) [Parameters=[], CommandType='Text', CommandTimeout='30']
CREATE TABLE [PointsOfInterest] (
    [Id] int NOT NULL IDENTITY,
    [Name] nvarchar(50) NOT NULL,
    [Description] nvarchar(200) NULL,
    [CityId] int NOT NULL,
    CONSTRAINT [PK_PointsOfInterest] PRIMARY KEY ([Id]),
    CONSTRAINT [FK_PointsOfInterest_Cities_CityId] FOREIGN KEY ([CityId]) REFERENCES [Cities] ([Id]) ON DELETE CASCADE
);
2020-06-28 23:44:07.9088|INFO|Microsoft.EntityFrameworkCore.Database.Command|Executed DbCommand (22ms) [Parameters=[], CommandType='Text', CommandTimeout='30']
IF EXISTS (SELECT * FROM [sys].[identity_columns] WHERE [name] IN (N'Id', N'Description', N'Name') AND [object_id] = OBJECT_ID(N'[Cities]'))
    SET IDENTITY_INSERT [Cities] ON;
INSERT INTO [Cities] ([Id], [Description], [Name])
VALUES (1, N'The Heart of Pakistan.', N'Lahore City');
IF EXISTS (SELECT * FROM [sys].[identity_columns] WHERE [name] IN (N'Id', N'Description', N'Name') AND [object_id] = OBJECT_ID(N'[Cities]'))
    SET IDENTITY_INSERT [Cities] OFF;
2020-06-28 23:44:07.9088|INFO|Microsoft.EntityFrameworkCore.Database.Command|Executed DbCommand (5ms) [Parameters=[], CommandType='Text', CommandTimeout='30']
IF EXISTS (SELECT * FROM [sys].[identity_columns] WHERE [name] IN (N'Id', N'Description', N'Name') AND [object_id] = OBJECT_ID(N'[Cities]'))
    SET IDENTITY_INSERT [Cities] ON;
INSERT INTO [Cities] ([Id], [Description], [Name])
VALUES (2, N'The City Of Lights.', N'Karachi');
IF EXISTS (SELECT * FROM [sys].[identity_columns] WHERE [name] IN (N'Id', N'Description', N'Name') AND [object_id] = OBJECT_ID(N'[Cities]'))
    SET IDENTITY_INSERT [Cities] OFF;
2020-06-28 23:44:07.9231|INFO|Microsoft.EntityFrameworkCore.Database.Command|Executed DbCommand (5ms) [Parameters=[], CommandType='Text', CommandTimeout='30']
IF EXISTS (SELECT * FROM [sys].[identity_columns] WHERE [name] IN (N'Id', N'Description', N'Name') AND [object_id] = OBJECT_ID(N'[Cities]'))
    SET IDENTITY_INSERT [Cities] ON;
INSERT INTO [Cities] ([Id], [Description], [Name])
VALUES (3, N'The City of Burgers', N'IslamAbad');
IF EXISTS (SELECT * FROM [sys].[identity_columns] WHERE [name] IN (N'Id', N'Description', N'Name') AND [object_id] = OBJECT_ID(N'[Cities]'))
    SET IDENTITY_INSERT [Cities] OFF;
2020-06-28 23:44:07.9353|INFO|Microsoft.EntityFrameworkCore.Database.Command|Executed DbCommand (8ms) [Parameters=[], CommandType='Text', CommandTimeout='30']
IF EXISTS (SELECT * FROM [sys].[identity_columns] WHERE [name] IN (N'Id', N'CityId', N'Description', N'Name') AND [object_id] = OBJECT_ID(N'[PointsOfInterest]'))
    SET IDENTITY_INSERT [PointsOfInterest] ON;
INSERT INTO [PointsOfInterest] ([Id], [CityId], [Description], [Name])
VALUES (1, 1, N'The most visited urban park in the Lahore City.', N'Jinnah Park'),
(2, 1, N'A 4 story mall which have many shops.', N'Emporium Building'),
(3, 2, N'A bazar named Anarkali.', N'Anarkali'),
(4, 2, N'The the finest example of railway architecture in Lahore.', N'Railway Station'),
(5, 3, N'A fake tower in Bahria Town.', N'Eiffel Tower'),
(6, 3, N'The UET largest museum.', N'The meusuim');
IF EXISTS (SELECT * FROM [sys].[identity_columns] WHERE [name] IN (N'Id', N'CityId', N'Description', N'Name') AND [object_id] = OBJECT_ID(N'[PointsOfInterest]'))
    SET IDENTITY_INSERT [PointsOfInterest] OFF;
2020-06-28 23:44:07.9353|INFO|Microsoft.EntityFrameworkCore.Database.Command|Executed DbCommand (2ms) [Parameters=[], CommandType='Text', CommandTimeout='30']
CREATE INDEX [IX_PointsOfInterest_CityId] ON [PointsOfInterest] ([CityId]);
2020-06-28 23:44:07.9353|INFO|Microsoft.EntityFrameworkCore.Database.Command|Executed DbCommand (1ms) [Parameters=[], CommandType='Text', CommandTimeout='30']
INSERT INTO [__EFMigrationsHistory] ([MigrationId], [ProductVersion])
VALUES (N'20200628181135_CityInfoDBInitialMigration', N'2.1.14-servicing-32113');
2020-06-28 23:44:07.9353|INFO|Microsoft.EntityFrameworkCore.Migrations|Applying migration '20200628182757_CityInfoDBAddPoIDescription'.
2020-06-28 23:44:07.9353|INFO|Microsoft.EntityFrameworkCore.Database.Command|Executed DbCommand (0ms) [Parameters=[], CommandType='Text', CommandTimeout='30']
INSERT INTO [__EFMigrationsHistory] ([MigrationId], [ProductVersion])
VALUES (N'20200628182757_CityInfoDBAddPoIDescription', N'2.1.14-servicing-32113');
2020-06-28 23:44:07.9502|INFO|Microsoft.EntityFrameworkCore.Migrations|Applying migration '20200628184248_SampleData'.
2020-06-28 23:44:07.9502|INFO|Microsoft.EntityFrameworkCore.Database.Command|Executed DbCommand (0ms) [Parameters=[], CommandType='Text', CommandTimeout='30']
INSERT INTO [__EFMigrationsHistory] ([MigrationId], [ProductVersion])
VALUES (N'20200628184248_SampleData', N'2.1.14-servicing-32113');
2020-06-28 23:44:08.0092|INFO|Microsoft.AspNetCore.DataProtection.KeyManagement.XmlKeyManager|User profile is available. Using 'C:\Users\saleeyas\AppData\Local\ASP.NET\DataProtection-Keys' as key repository and Windows DPAPI to encrypt keys at rest.
2020-06-28 23:44:08.4227|INFO|Microsoft.AspNetCore.Hosting.Internal.WebHost|Request starting HTTP/1.1 DEBUG http://localhost:1028/  0
2020-06-28 23:44:08.4227|INFO|Microsoft.AspNetCore.Hosting.Internal.WebHost|Request starting HTTP/1.1 GET http://localhost:1028/  
2020-06-28 23:44:08.4595|INFO|Microsoft.AspNetCore.Hosting.Internal.WebHost|Request finished in 36.9811ms 200 
2020-06-28 23:44:08.5589|INFO|Microsoft.AspNetCore.Hosting.Internal.WebHost|Request finished in 137.9841ms 404 text/plain
